  Building 'PnpRegisterPoC' with toolset 'WindowsKernelModeDriver10.0' and the 'Desktop' target platform.
  Stamping x64\Release\PnpRegisterPoC.inf
  Stamping [Version] section with DriverVer=03/13/2024,17.19.41.922
C:\Users\dorge\source\repos\PnpNotifyReserach\PnpRegisterPoC\PnpRegisterPoC.inf(28-28): warning 2083: Section [standard.ntamd64] not referenced or used.
  main.c
C:\Users\dorge\source\repos\PnpNotifyReserach\PnpRegisterPoC\main.c(17,60): warning C4100: 'Context': unreferenced formal parameter
C:\Users\dorge\source\repos\PnpNotifyReserach\PnpRegisterPoC\main.c(17,31): warning C4100: 'NotificationStructure': unreferenced formal parameter
  PnpRegisterPoC.vcxproj -> C:\Users\dorge\source\repos\PnpNotifyReserach\x64\Release\PnpRegisterPoC.sys
  Done Adding Additional Store
  Successfully signed: C:\Users\dorge\source\repos\PnpNotifyReserach\x64\Release\PnpRegisterPoC.sys
  
  .........................
  Signability test complete.
  
  Errors:
  None
  
  Warnings:
  None
  
  Catalog generation complete.
  C:\Users\dorge\source\repos\PnpNotifyReserach\x64\Release\PnpRegisterPoC\pnpregisterpoc.cat
  Done Adding Additional Store
  Successfully signed: C:\Users\dorge\source\repos\PnpNotifyReserach\x64\Release\PnpRegisterPoC\pnpregisterpoc.cat
  
